<?xml version="1.0" encoding="UTF-8"?>
<testng-results skipped="0" failed="1" ignored="0" total="2" passed="1">
  <reporter-output>
  </reporter-output>
  <suite name="Default suite" duration-ms="138546" started-at="2022-04-01T08:10:28 IST" finished-at="2022-04-01T08:12:46 IST">
    <groups>
    </groups>
    <test name="Default test" duration-ms="138546" started-at="2022-04-01T08:10:28 IST" finished-at="2022-04-01T08:12:46 IST">
      <class name="HelixSenseTests.HelpDeskByQRCodeTest">
        <test-method status="PASS" signature="beforeSuite()[pri:0, instance:HelixSenseTests.HelpDeskByQRCodeTest@eca56e]" name="beforeSuite" is-config="true" duration-ms="5151" started-at="2022-04-01T08:10:22 IST" finished-at="2022-04-01T08:10:28 IST">
          <reporter-output>
          </reporter-output>
        </test-method> <!-- beforeSuite -->
        <test-method status="PASS" signature="extentReportBeforeClass()[pri:0, instance:HelixSenseTests.HelpDeskByQRCodeTest@eca56e]" name="extentReportBeforeClass" is-config="true" duration-ms="9" started-at="2022-04-01T08:10:28 IST" finished-at="2022-04-01T08:10:28 IST">
          <reporter-output>
          </reporter-output>
        </test-method> <!-- extentReportBeforeClass -->
        <test-method status="PASS" signature="extentReportBeforeMethod(java.lang.reflect.Method)[pri:0, instance:HelixSenseTests.HelpDeskByQRCodeTest@eca56e]" name="extentReportBeforeMethod" is-config="true" duration-ms="7" started-at="2022-04-01T08:10:28 IST" finished-at="2022-04-01T08:10:28 IST">
          <params>
            <param index="0">
              <value>
                <![CDATA[public void HelixSenseTests.HelpDeskByQRCodeTest.verifyHelpDeskRaiseTicketByUsingQRCode() throws java.lang.InterruptedException]]>
              </value>
            </param>
          </params>
          <reporter-output>
          </reporter-output>
        </test-method> <!-- extentReportBeforeMethod -->
        <test-method status="PASS" signature="testSetup(java.lang.reflect.Method)[pri:0, instance:HelixSenseTests.HelpDeskByQRCodeTest@eca56e]" name="testSetup" is-config="true" duration-ms="33035" started-at="2022-04-01T08:10:28 IST" finished-at="2022-04-01T08:11:01 IST">
          <params>
            <param index="0">
              <value>
                <![CDATA[public void HelixSenseTests.HelpDeskByQRCodeTest.verifyHelpDeskRaiseTicketByUsingQRCode() throws java.lang.InterruptedException]]>
              </value>
            </param>
          </params>
          <reporter-output>
          </reporter-output>
        </test-method> <!-- testSetup -->
        <test-method status="PASS" signature="verifyHelpDeskRaiseTicketByUsingQRCode()[pri:1, instance:HelixSenseTests.HelpDeskByQRCodeTest@eca56e]" name="verifyHelpDeskRaiseTicketByUsingQRCode" duration-ms="73000" started-at="2022-04-01T08:11:01 IST" finished-at="2022-04-01T08:12:14 IST">
          <reporter-output>
          </reporter-output>
        </test-method> <!-- verifyHelpDeskRaiseTicketByUsingQRCode -->
        <test-method status="PASS" signature="testCleanUp(org.testng.ITestResult)[pri:0, instance:HelixSenseTests.HelpDeskByQRCodeTest@eca56e]" name="testCleanUp" is-config="true" duration-ms="1438" started-at="2022-04-01T08:12:14 IST" finished-at="2022-04-01T08:12:15 IST">
          <params>
            <param index="0">
              <value>
                <![CDATA[[TestResult name=verifyHelpDeskRaiseTicketByUsingQRCode status=SUCCESS method=HelpDeskByQRCodeTest.verifyHelpDeskRaiseTicketByUsingQRCode()[pri:1, instance:HelixSenseTests.HelpDeskByQRCodeTest@eca56e] output={null}]]]>
              </value>
            </param>
          </params>
          <reporter-output>
          </reporter-output>
        </test-method> <!-- testCleanUp -->
        <test-method status="PASS" signature="extentReportAfterMethod(org.testng.ITestResult,java.lang.reflect.Method)[pri:0, instance:HelixSenseTests.HelpDeskByQRCodeTest@eca56e]" name="extentReportAfterMethod" is-config="true" duration-ms="1015" started-at="2022-04-01T08:12:15 IST" depends-on-methods="HelixSenseTests.HelixSenseTestBase.testCleanUp" finished-at="2022-04-01T08:12:16 IST">
          <params>
            <param index="0">
              <value>
                <![CDATA[[TestResult name=verifyHelpDeskRaiseTicketByUsingQRCode status=SUCCESS method=HelpDeskByQRCodeTest.verifyHelpDeskRaiseTicketByUsingQRCode()[pri:1, instance:HelixSenseTests.HelpDeskByQRCodeTest@eca56e] output={null}]]]>
              </value>
            </param>
            <param index="1">
              <value>
                <![CDATA[public void HelixSenseTests.HelpDeskByQRCodeTest.verifyHelpDeskRaiseTicketByUsingQRCode() throws java.lang.InterruptedException]]>
              </value>
            </param>
          </params>
          <reporter-output>
          </reporter-output>
        </test-method> <!-- extentReportAfterMethod -->
        <test-method status="PASS" signature="extentReportBeforeMethod(java.lang.reflect.Method)[pri:0, instance:HelixSenseTests.HelpDeskByQRCodeTest@eca56e]" name="extentReportBeforeMethod" is-config="true" duration-ms="1" started-at="2022-04-01T08:12:16 IST" finished-at="2022-04-01T08:12:16 IST">
          <params>
            <param index="0">
              <value>
                <![CDATA[public void HelixSenseTests.HelpDeskByQRCodeTest.HelixSenseLogIn() throws java.lang.InterruptedException,java.io.IOException]]>
              </value>
            </param>
          </params>
          <reporter-output>
          </reporter-output>
        </test-method> <!-- extentReportBeforeMethod -->
        <test-method status="PASS" signature="testSetup(java.lang.reflect.Method)[pri:0, instance:HelixSenseTests.HelpDeskByQRCodeTest@eca56e]" name="testSetup" is-config="true" duration-ms="20163" started-at="2022-04-01T08:12:16 IST" finished-at="2022-04-01T08:12:36 IST">
          <params>
            <param index="0">
              <value>
                <![CDATA[public void HelixSenseTests.HelpDeskByQRCodeTest.HelixSenseLogIn() throws java.lang.InterruptedException,java.io.IOException]]>
              </value>
            </param>
          </params>
          <reporter-output>
          </reporter-output>
        </test-method> <!-- testSetup -->
        <test-method status="FAIL" signature="HelixSenseLogIn()[pri:2, instance:HelixSenseTests.HelpDeskByQRCodeTest@eca56e]" name="HelixSenseLogIn" duration-ms="6835" started-at="2022-04-01T08:12:36 IST" finished-at="2022-04-01T08:12:43 IST">
          <exception class="java.lang.AssertionError">
            <message>
              <![CDATA[ERROR!Log in failed expected [true] but found [false]]]>
            </message>
            <full-stacktrace>
              <![CDATA[java.lang.AssertionError: ERROR!Log in failed expected [true] but found [false]
at org.testng.Assert.fail(Assert.java:99)
at org.testng.Assert.failNotEquals(Assert.java:1037)
at org.testng.Assert.assertTrue(Assert.java:45)
at HelixSenseTests.HelpDeskByQRCodeTest.HelixSenseLogIn(HelpDeskByQRCodeTest.java:31)
at sun.reflect.NativeMethodAccessorImpl.invoke0(Native Method)
at sun.reflect.NativeMethodAccessorImpl.invoke(Unknown Source)
at sun.reflect.DelegatingMethodAccessorImpl.invoke(Unknown Source)
at java.lang.reflect.Method.invoke(Unknown Source)
at org.testng.internal.MethodInvocationHelper.invokeMethod(MethodInvocationHelper.java:133)
at org.testng.internal.TestInvoker.invokeMethod(TestInvoker.java:598)
at org.testng.internal.TestInvoker.invokeTestMethod(TestInvoker.java:173)
at org.testng.internal.MethodRunner.runInSequence(MethodRunner.java:46)
at org.testng.internal.TestInvoker$MethodInvocationAgent.invoke(TestInvoker.java:824)
at org.testng.internal.TestInvoker.invokeTestMethods(TestInvoker.java:146)
at org.testng.internal.TestMethodWorker.invokeTestMethods(TestMethodWorker.java:146)
at org.testng.internal.TestMethodWorker.run(TestMethodWorker.java:128)
at java.util.ArrayList.forEach(Unknown Source)
at org.testng.TestRunner.privateRun(TestRunner.java:794)
at org.testng.TestRunner.run(TestRunner.java:596)
at org.testng.SuiteRunner.runTest(SuiteRunner.java:377)
at org.testng.SuiteRunner.runSequentially(SuiteRunner.java:371)
at org.testng.SuiteRunner.privateRun(SuiteRunner.java:332)
at org.testng.SuiteRunner.run(SuiteRunner.java:276)
at org.testng.SuiteRunnerWorker.runSuite(SuiteRunnerWorker.java:53)
at org.testng.SuiteRunnerWorker.run(SuiteRunnerWorker.java:96)
at org.testng.TestNG.runSuitesSequentially(TestNG.java:1212)
at org.testng.TestNG.runSuitesLocally(TestNG.java:1134)
at org.testng.TestNG.runSuites(TestNG.java:1063)
at org.testng.TestNG.run(TestNG.java:1031)
at org.testng.remote.AbstractRemoteTestNG.run(AbstractRemoteTestNG.java:115)
at org.testng.remote.RemoteTestNG.initAndRun(RemoteTestNG.java:251)
at org.testng.remote.RemoteTestNG.main(RemoteTestNG.java:77)
]]>
            </full-stacktrace>
          </exception> <!-- java.lang.AssertionError -->
          <reporter-output>
          </reporter-output>
        </test-method> <!-- HelixSenseLogIn -->
        <test-method status="PASS" signature="testCleanUp(org.testng.ITestResult)[pri:0, instance:HelixSenseTests.HelpDeskByQRCodeTest@eca56e]" name="testCleanUp" is-config="true" duration-ms="2483" started-at="2022-04-01T08:12:43 IST" finished-at="2022-04-01T08:12:46 IST">
          <params>
            <param index="0">
              <value>
                <![CDATA[[TestResult name=HelixSenseLogIn status=FAILURE method=HelpDeskByQRCodeTest.HelixSenseLogIn()[pri:2, instance:HelixSenseTests.HelpDeskByQRCodeTest@eca56e] output={null}]]]>
              </value>
            </param>
          </params>
          <reporter-output>
          </reporter-output>
        </test-method> <!-- testCleanUp -->
        <test-method status="PASS" signature="extentReportAfterMethod(org.testng.ITestResult,java.lang.reflect.Method)[pri:0, instance:HelixSenseTests.HelpDeskByQRCodeTest@eca56e]" name="extentReportAfterMethod" is-config="true" duration-ms="306" started-at="2022-04-01T08:12:46 IST" depends-on-methods="HelixSenseTests.HelixSenseTestBase.testCleanUp" finished-at="2022-04-01T08:12:46 IST">
          <params>
            <param index="0">
              <value>
                <![CDATA[[TestResult name=HelixSenseLogIn status=FAILURE method=HelpDeskByQRCodeTest.HelixSenseLogIn()[pri:2, instance:HelixSenseTests.HelpDeskByQRCodeTest@eca56e] output={null}]]]>
              </value>
            </param>
            <param index="1">
              <value>
                <![CDATA[public void HelixSenseTests.HelpDeskByQRCodeTest.HelixSenseLogIn() throws java.lang.InterruptedException,java.io.IOException]]>
              </value>
            </param>
          </params>
          <reporter-output>
          </reporter-output>
        </test-method> <!-- extentReportAfterMethod -->
      </class> <!-- HelixSenseTests.HelpDeskByQRCodeTest -->
    </test> <!-- Default test -->
  </suite> <!-- Default suite -->
</testng-results>
