<?xml version="1.0" encoding="UTF-8"?>
<!-- Generated by org.testng.reporters.JUnitXMLReporter -->
<testsuite hostname="MLI-LAP-180" ignored="0" name="Inbound verification with employee" tests="3" failures="0" timestamp="2022-03-08T11:07:31 IST" time="100.589" errors="0">
  <testcase name="verifyAddInboundMailWithEmployee" time="40.545" classname="HelixSenseTests.AddInboundMailWithEmployeeTest"/>
  <testcase name="verifyWhetherInboundisCreated" time="9.071" classname="HelixSenseTests.AddInboundMailWithEmployeeTest"/>
  <testcase name="verifyChangeStatusRegistrytoDelivery" time="19.905" classname="HelixSenseTests.AddInboundMailWithEmployeeTest"/>
</testsuite> <!-- Inbound verification with employee -->
