<?xml version="1.0" encoding="UTF-8"?>
<!-- Generated by org.testng.reporters.JUnitXMLReporter -->
<testsuite hostname="MLI-LAP-180" ignored="0" name="Outbound verification with department" tests="3" failures="1" timestamp="2022-03-08T11:11:02 IST" time="87.617" errors="0">
  <testcase name="verifyAddOutboundMailWithEmployee" time="38.06" classname="HelixSenseTests.AddOutboundMailWithEmployeeTest"/>
  <testcase name="verifyWhetherOutboundisCreated" time="8.525" classname="HelixSenseTests.AddOutboundMailWithEmployeeTest"/>
  <testcase name="verifyChangeStatusReadytoDispatch" time="7.73" classname="HelixSenseTests.AddOutboundMailWithEmployeeTest">
    <failure type="org.openqa.selenium.StaleElementReferenceException" message="The element &amp;apos;By.xpath: //android.widget.TextView[@text=&amp;apos;Ready to Dispatch&amp;apos;]&amp;apos; does not exist in DOM anymore
For documentation on this error, please visit: https://www.seleniumhq.org/exceptions/stale_element_reference.html
Build info: version: &amp;apos;3.141.59&amp;apos;, revision: &amp;apos;e82be7d358&amp;apos;, time: &amp;apos;2018-11-14T08:17:03&amp;apos;
System info: host: &amp;apos;MLI-LAP-180&amp;apos;, ip: &amp;apos;172.16.1.240&amp;apos;, os.name: &amp;apos;Windows 10&amp;apos;, os.arch: &amp;apos;x86&amp;apos;, os.version: &amp;apos;10.0&amp;apos;, java.version: &amp;apos;1.8.0_311&amp;apos;
Driver info: io.appium.java_client.android.AndroidDriver
Capabilities {app: C:\Users\Durga\Downloads\hs..., appPackage: com.app.hsense.compass, automationName: UIAutomator2, databaseEnabled: false, desired: {app: C:\Users\Durga\Downloads\hs..., appPackage: com.app.hsense.compass, automationName: UIAutomator2, noReset: true, platformName: android, platformVersion: 11, udid: LFMBYDSGYXDQCIJF}, deviceApiLevel: 30, deviceManufacturer: realme, deviceModel: RMX3085, deviceName: LFMBYDSGYXDQCIJF, deviceScreenDensity: 480, deviceScreenSize: 1080x2400, deviceUDID: LFMBYDSGYXDQCIJF, javascriptEnabled: true, locationContextEnabled: false, networkConnectionEnabled: true, noReset: true, pixelRatio: 3, platform: LINUX, platformName: Android, platformVersion: 11, statBarHeight: 110, takesScreenshot: true, udid: LFMBYDSGYXDQCIJF, viewportRect: {height: 2048, left: 0, top: 110, width: 1080}, warnings: {}, webStorageEnabled: false}
Session ID: 58cfaaf0-16d1-457d-8f33-a83c128acb24">
      <![CDATA[org.openqa.selenium.StaleElementReferenceException: The element 'By.xpath: //android.widget.TextView[@text='Ready to Dispatch']' does not exist in DOM anymore
For documentation on this error, please visit: https://www.seleniumhq.org/exceptions/stale_element_reference.html
Build info: version: '3.141.59', revision: 'e82be7d358', time: '2018-11-14T08:17:03'
System info: host: 'MLI-LAP-180', ip: '172.16.1.240', os.name: 'Windows 10', os.arch: 'x86', os.version: '10.0', java.version: '1.8.0_311'
Driver info: io.appium.java_client.android.AndroidDriver
Capabilities {app: C:\Users\Durga\Downloads\hs..., appPackage: com.app.hsense.compass, automationName: UIAutomator2, databaseEnabled: false, desired: {app: C:\Users\Durga\Downloads\hs..., appPackage: com.app.hsense.compass, automationName: UIAutomator2, noReset: true, platformName: android, platformVersion: 11, udid: LFMBYDSGYXDQCIJF}, deviceApiLevel: 30, deviceManufacturer: realme, deviceModel: RMX3085, deviceName: LFMBYDSGYXDQCIJF, deviceScreenDensity: 480, deviceScreenSize: 1080x2400, deviceUDID: LFMBYDSGYXDQCIJF, javascriptEnabled: true, locationContextEnabled: false, networkConnectionEnabled: true, noReset: true, pixelRatio: 3, platform: LINUX, platformName: Android, platformVersion: 11, statBarHeight: 110, takesScreenshot: true, udid: LFMBYDSGYXDQCIJF, viewportRect: {height: 2048, left: 0, top: 110, width: 1080}, warnings: {}, webStorageEnabled: false}
Session ID: 58cfaaf0-16d1-457d-8f33-a83c128acb24
at org.openqa.selenium.remote.http.W3CHttpResponseCodec.createException(W3CHttpResponseCodec.java:187)
at org.openqa.selenium.remote.http.W3CHttpResponseCodec.decode(W3CHttpResponseCodec.java:122)
at org.openqa.selenium.remote.http.W3CHttpResponseCodec.decode(W3CHttpResponseCodec.java:49)
at org.openqa.selenium.remote.HttpCommandExecutor.execute(HttpCommandExecutor.java:158)
at io.appium.java_client.remote.AppiumCommandExecutor.execute(AppiumCommandExecutor.java:239)
at org.openqa.selenium.remote.RemoteWebDriver.execute(RemoteWebDriver.java:552)
at io.appium.java_client.DefaultGenericMobileDriver.execute(DefaultGenericMobileDriver.java:42)
at io.appium.java_client.AppiumDriver.execute(AppiumDriver.java:1)
at io.appium.java_client.android.AndroidDriver.execute(AndroidDriver.java:1)
at org.openqa.selenium.remote.RemoteWebElement.execute(RemoteWebElement.java:285)
at io.appium.java_client.DefaultGenericMobileElement.execute(DefaultGenericMobileElement.java:45)
at io.appium.java_client.MobileElement.execute(MobileElement.java:1)
at io.appium.java_client.android.AndroidElement.execute(AndroidElement.java:1)
at org.openqa.selenium.remote.RemoteWebElement.click(RemoteWebElement.java:84)
at io.appium.java_client.pagefactory.ElementInterceptor.getObject(ElementInterceptor.java:40)
at io.appium.java_client.pagefactory.interceptors.InterceptorOfASingleElement.intercept(InterceptorOfASingleElement.java:60)
at io.appium.java_client.android.AndroidElement$$EnhancerByCGLIB$$b598166c.click(<generated>)
at HelixSensePages.AddOutboundMailWithEmployeePage.ChangeStatus(AddOutboundMailWithEmployeePage.java:196)
at HelixSenseTests.AddOutboundMailWithEmployeeTest.verifyChangeStatusReadytoDispatch(AddOutboundMailWithEmployeeTest.java:43)
at java.util.ArrayList.forEach(Unknown Source)
... Removed 34 stack frames]]>
    </failure>
  </testcase> <!-- verifyChangeStatusReadytoDispatch -->
</testsuite> <!-- Outbound verification with department -->
