<?xml version="1.0" encoding="UTF-8"?>
<!-- Generated by org.testng.reporters.JUnitXMLReporter -->
<testsuite hostname="MLI-LAP-180" ignored="0" name="Asset Registry Actions" tests="4" failures="0" timestamp="2022-03-01T18:14:36 IST" time="108.272" errors="0">
  <testcase name="verifyAssetRegistryActions" time="18.999" classname="HelixSenseTests.AssetRegistryActionsTest"/>
  <testcase name="verifyAssetRegistryStoreWareHouse" time="14.077" classname="HelixSenseTests.AssetRegistryActionsTest"/>
  <testcase name="verifyAssetRegistryBreakdown" time="14.979" classname="HelixSenseTests.AssetRegistryActionsTest"/>
  <testcase name="verifyAssetRegistryScrap" time="14.904" classname="HelixSenseTests.AssetRegistryActionsTest"/>
</testsuite> <!-- Asset Registry Actions -->
