<?xml version="1.0" encoding="UTF-8"?>
<!-- Generated by org.testng.reporters.JUnitXMLReporter -->
<testsuite hostname="MLI-LAP-180" ignored="0" name="Inbound verification with employee" tests="3" failures="0" timestamp="2022-03-01T18:09:01 IST" time="101.69" errors="0">
  <testcase name="verifyAddInboundMailWithEmployee" time="39.055" classname="HelixSenseTests.AddInboundMailWithEmployeeTest"/>
  <testcase name="verifyWhetherInboundisCreated" time="8.135" classname="HelixSenseTests.AddInboundMailWithEmployeeTest"/>
  <testcase name="verifyChangeStatusRegistrytoDelivery" time="20.621" classname="HelixSenseTests.AddInboundMailWithEmployeeTest"/>
</testsuite> <!-- Inbound verification with employee -->
