<?xml version="1.0" encoding="UTF-8"?>
<!-- Generated by org.testng.reporters.JUnitXMLReporter -->
<testsuite hostname="MLI-LAP-180" ignored="0" name="Outbound verification with department" tests="3" failures="0" timestamp="2022-03-01T18:12:48 IST" time="105.603" errors="0">
  <testcase name="verifyAddOutboundMailWithEmployee" time="38.656" classname="HelixSenseTests.AddOutboundMailWithEmployeeTest"/>
  <testcase name="verifyWhetherOutboundisCreated" time="8.583" classname="HelixSenseTests.AddOutboundMailWithEmployeeTest"/>
  <testcase name="verifyChangeStatusReadytoDispatch" time="23.964" classname="HelixSenseTests.AddOutboundMailWithEmployeeTest"/>
</testsuite> <!-- Outbound verification with department -->
